2023-11-24 17:35:26,065 - INFO - Successfully connected to https://www.myjoyonline.com/
2023-11-24 17:35:28,468 - INFO - Successfully connected to https://www.thebftonline.com/
2023-11-24 17:35:30,089 - INFO - Successfully connected to https://www.citinewsroom.com/
2023-11-24 17:35:34,966 - INFO - Successfully connected to https://www.graphic.com.gh/
2023-11-24 17:35:36,608 - INFO - Successfully connected to https://www.parliament.gh/
2023-11-24 17:35:40,206 - WARNING - Failed to fetch data from https://www.Ghanaweb.com. Status code: 403
2023-11-24 17:35:41,562 - INFO - Successfully connected to https://www.Peacefmonline.com
2023-11-24 17:35:44,947 - WARNING - Failed to fetch data from https://www.Modernghana.com. Status code: 403
2023-11-24 17:35:46,404 - INFO - Successfully connected to https://www.kessbenonline.com
2023-11-24 17:35:48,039 - INFO - Successfully connected to https://www.ghanaiantimes.com.gh
2023-11-24 17:35:58,397 - INFO - Successfully connected to https://www.hellofmonline.com
2023-11-24 17:36:24,203 - INFO - Successfully connected to https://www.myjoyonline.com/
2023-11-24 17:36:26,611 - INFO - Successfully connected to https://www.thebftonline.com/
2023-11-24 17:36:28,127 - INFO - Successfully connected to https://www.citinewsroom.com/
2023-11-24 17:36:35,129 - INFO - Successfully connected to https://www.graphic.com.gh/
2023-11-24 17:36:36,866 - INFO - Successfully connected to https://www.parliament.gh/
2023-11-24 17:36:37,378 - WARNING - Failed to fetch data from https://www.Ghanaweb.com. Status code: 403
2023-11-24 17:36:38,699 - INFO - Successfully connected to https://www.Peacefmonline.com
2023-11-24 17:36:38,988 - WARNING - Failed to fetch data from https://www.Modernghana.com. Status code: 403
2023-11-24 17:36:40,306 - INFO - Successfully connected to https://www.kessbenonline.com
2023-11-24 17:36:42,448 - INFO - Successfully connected to https://www.ghanaiantimes.com.gh
2023-11-24 17:36:43,721 - INFO - Successfully connected to https://www.hellofmonline.com
2023-11-24 17:45:02,445 - INFO - Successfully connected to Joy Online
2023-11-24 17:45:04,860 - INFO - Successfully connected to Business & Financial Times
2023-11-24 17:45:06,583 - INFO - Successfully connected to Citi News
2023-11-24 17:45:14,743 - INFO - Successfully connected to Graphic Gh
2023-11-24 17:45:31,295 - INFO - Successfully connected to Parliament Gh
2023-11-24 17:45:31,866 - WARNING - Failed to fetch data from Ghana Web. Status code: 403
2023-11-24 17:45:33,272 - INFO - Successfully connected to PeaceFm Online
2023-11-24 17:45:34,131 - WARNING - Failed to fetch data from Modern Ghana. Status code: 403
2023-11-24 17:45:35,576 - INFO - Successfully connected to Kessben Media
2023-11-24 17:45:37,378 - INFO - Successfully connected to Ghanaian Times
2023-11-24 17:45:55,606 - INFO - Successfully connected to Hello Fm
2023-11-24 17:49:05,354 - INFO - Successfully connected to Joy Online
2023-11-24 17:49:14,169 - INFO - Successfully connected to Business & Financial Times
2023-11-24 17:49:16,590 - INFO - Successfully connected to Citi News
2023-11-24 17:49:24,034 - INFO - Successfully connected to Graphic Gh
2023-11-24 17:49:25,722 - INFO - Successfully connected to Parliament Gh
2023-11-24 17:49:26,247 - WARNING - Failed to fetch data from Ghana Web. Status code: 403
2023-11-24 17:49:27,547 - INFO - Successfully connected to PeaceFm Online
2023-11-24 17:49:30,895 - WARNING - Failed to fetch data from Modern Ghana. Status code: 403
2023-11-24 17:49:32,225 - INFO - Successfully connected to Kessben Media
2023-11-24 17:49:33,944 - INFO - Successfully connected to Ghanaian Times
2023-11-24 17:49:35,213 - INFO - Successfully connected to Hello Fm
2023-11-24 17:51:15,495 - INFO - Successfully connected to https://www.myjoyonline.com/
2023-11-24 17:51:18,207 - INFO - Successfully connected to https://www.thebftonline.com/
2023-11-24 17:51:22,669 - INFO - Successfully connected to https://www.citinewsroom.com/
2023-11-24 17:51:29,592 - INFO - Successfully connected to https://www.graphic.com.gh/
2023-11-24 17:51:32,206 - INFO - Successfully connected to https://www.parliament.gh/
2023-11-24 17:51:33,764 - ERROR - Error connecting to https://www.Ghanaweb.com: ('Connection aborted.', ConnectionResetError(10054, 'An existing connection was forcibly closed by the remote host', None, 10054, None))
2023-11-24 17:51:35,113 - INFO - Successfully connected to https://www.Peacefmonline.com
2023-11-24 17:51:44,408 - WARNING - Failed to fetch data from https://www.Modernghana.com. Status code: 403
2023-11-24 17:51:54,625 - INFO - Successfully connected to https://www.kessbenonline.com
2023-11-24 17:51:56,231 - INFO - Successfully connected to https://www.ghanaiantimes.com.gh
2023-11-24 17:51:57,544 - INFO - Successfully connected to https://www.hellofmonline.com
2023-11-24 17:54:10,556 - INFO - Successfully connected to https://www.myjoyonline.com/
2023-11-24 17:54:12,765 - INFO - Successfully connected to https://www.thebftonline.com/
2023-11-24 17:54:14,296 - INFO - Successfully connected to https://www.citinewsroom.com/
2023-11-24 17:54:15,717 - INFO - Successfully connected to https://www.graphic.com.gh/
2023-11-24 17:54:17,185 - INFO - Successfully connected to https://www.parliament.gh/
2023-11-24 17:54:17,624 - WARNING - Failed to fetch data from https://www.Ghanaweb.com. Status code: 403
2023-11-24 17:54:18,987 - INFO - Successfully connected to https://www.Peacefmonline.com
2023-11-24 17:54:19,321 - WARNING - Failed to fetch data from https://www.Modernghana.com. Status code: 403
2023-11-24 17:54:20,552 - INFO - Successfully connected to https://www.kessbenonline.com
2023-11-24 17:54:24,068 - INFO - Successfully connected to https://www.ghanaiantimes.com.gh
2023-11-24 17:54:27,309 - INFO - Successfully connected to https://www.hellofmonline.com
2023-11-24 18:00:44,707 - INFO - Successfully connected to https://www.myjoyonline.com/
2023-11-24 18:00:46,911 - INFO - Successfully connected to https://www.thebftonline.com/
2023-11-24 18:00:48,547 - INFO - Successfully connected to https://www.citinewsroom.com/
2023-11-24 18:00:52,000 - INFO - Successfully connected to https://www.graphic.com.gh/
2023-11-24 18:00:53,478 - INFO - Successfully connected to https://www.parliament.gh/
2023-11-24 18:00:54,384 - WARNING - Failed to fetch data from https://www.Ghanaweb.com. Status code: 403
2023-11-24 18:00:55,649 - INFO - Successfully connected to https://www.Peacefmonline.com
2023-11-24 18:00:55,946 - WARNING - Failed to fetch data from https://www.Modernghana.com. Status code: 403
2023-11-24 18:00:57,383 - INFO - Successfully connected to https://www.kessbenonline.com
2023-11-24 18:00:59,294 - INFO - Successfully connected to https://www.ghanaiantimes.com.gh
2023-11-24 18:01:00,970 - INFO - Successfully connected to https://www.hellofmonline.com
2023-11-24 18:03:33,594 - INFO - Successfully connected to https://www.myjoyonline.com/
2023-11-24 18:03:38,856 - INFO - Successfully connected to https://www.thebftonline.com/
2023-11-24 18:03:40,452 - INFO - Successfully connected to https://www.citinewsroom.com/
2023-11-24 18:03:42,051 - INFO - Successfully connected to https://www.graphic.com.gh/
2023-11-24 18:03:43,719 - INFO - Successfully connected to https://www.parliament.gh/
2023-11-24 18:03:44,381 - WARNING - Failed to fetch data from https://www.Ghanaweb.com. Status code: 403
2023-11-24 18:03:45,633 - INFO - Successfully connected to https://www.Peacefmonline.com
2023-11-24 18:03:45,943 - WARNING - Failed to fetch data from https://www.Modernghana.com. Status code: 403
2023-11-24 18:03:59,172 - INFO - Successfully connected to https://www.kessbenonline.com
2023-11-24 18:04:00,827 - INFO - Successfully connected to https://www.ghanaiantimes.com.gh
2023-11-24 18:04:02,107 - INFO - Successfully connected to https://www.hellofmonline.com
